Updating Subscription Management repositories.
Unable to read consumer identity

This system is not registered with an entitlement server. You can use subscription-manager to register.

Dependencies resolved.
==========================================================================================================
 Package              Arch    Version                                   Repository                    Size
==========================================================================================================
Removing:
 httpd                x86_64  2.4.37-47.module+el8.6.0+15654+427eba2e.2 @rhel-8-appstream-rhui-rpms  4.3 M
Removing unused dependencies:
 apr                  x86_64  1.6.3-12.el8                              @rhel-8-appstream-rhui-rpms  272 k
 apr-util             x86_64  1.6.1-6.el8                               @rhel-8-appstream-rhui-rpms  230 k
 apr-util-bdb         x86_64  1.6.1-6.el8                               @rhel-8-appstream-rhui-rpms   12 k
 apr-util-openssl     x86_64  1.6.1-6.el8                               @rhel-8-appstream-rhui-rpms   20 k
 httpd-filesystem     noarch  2.4.37-47.module+el8.6.0+15654+427eba2e.2 @rhel-8-appstream-rhui-rpms  400  
 httpd-tools          x86_64  2.4.37-47.module+el8.6.0+15654+427eba2e.2 @rhel-8-appstream-rhui-rpms  194 k
 mailcap              noarch  2.1.48-3.el8                              @rhel-8-baseos-rhui-rpms      71 k
 mod_http2            x86_64  1.15.7-5.module+el8.6.0+13996+01710940    @rhel-8-appstream-rhui-rpms  394 k
 redhat-logos-httpd   noarch  84.5-1.el8                                @rhel-8-baseos-rhui-rpms     8.2 k

Transaction Summary
==========================================================================================================
Remove  10 Packages

Freed space: 5.5 M
Running transaction check
Transaction check succeeded.
Running transaction test
Transaction test succeeded.
Running transaction
  Preparing        :                                                        1/1 
  Running scriptlet: httpd-2.4.37-47.module+el8.6.0+15654+427eba2e.2.x86_   1/1 
  Running scriptlet: httpd-2.4.37-47.module+el8.6.0+15654+427eba2e.2.x8    1/10 
  Erasing          : httpd-2.4.37-47.module+el8.6.0+15654+427eba2e.2.x8    1/10 
  Running scriptlet: httpd-2.4.37-47.module+el8.6.0+15654+427eba2e.2.x8    1/10 
  Erasing          : mailcap-2.1.48-3.el8.noarch                           2/10 
  Erasing          : httpd-filesystem-2.4.37-47.module+el8.6.0+15654+42    3/10 
  Running scriptlet: httpd-filesystem-2.4.37-47.module+el8.6.0+15654+42    3/10 
  Erasing          : redhat-logos-httpd-84.5-1.el8.noarch                  4/10 
  Erasing          : httpd-tools-2.4.37-47.module+el8.6.0+15654+427eba2    5/10 
  Erasing          : apr-util-1.6.1-6.el8.x86_64                           6/10 
  Running scriptlet: apr-util-1.6.1-6.el8.x86_64                           6/10 
  Erasing          : apr-1.6.3-12.el8.x86_64                               7/10 
  Running scriptlet: apr-1.6.3-12.el8.x86_64                               7/10 
  Erasing          : apr-util-bdb-1.6.1-6.el8.x86_64                       8/10 
  Erasing          : apr-util-openssl-1.6.1-6.el8.x86_64                   9/10 
  Erasing          : mod_http2-1.15.7-5.module+el8.6.0+13996+01710940.x   10/10 
  Running scriptlet: mod_http2-1.15.7-5.module+el8.6.0+13996+01710940.x   10/10 
  Verifying        : apr-1.6.3-12.el8.x86_64                               1/10 
  Verifying        : apr-util-1.6.1-6.el8.x86_64                           2/10 
  Verifying        : apr-util-bdb-1.6.1-6.el8.x86_64                       3/10 
  Verifying        : apr-util-openssl-1.6.1-6.el8.x86_64                   4/10 
  Verifying        : httpd-2.4.37-47.module+el8.6.0+15654+427eba2e.2.x8    5/10 
  Verifying        : httpd-filesystem-2.4.37-47.module+el8.6.0+15654+42    6/10 
  Verifying        : httpd-tools-2.4.37-47.module+el8.6.0+15654+427eba2    7/10 
  Verifying        : mailcap-2.1.48-3.el8.noarch                           8/10 
  Verifying        : mod_http2-1.15.7-5.module+el8.6.0+13996+01710940.x    9/10 
  Verifying        : redhat-logos-httpd-84.5-1.el8.noarch                 10/10 
Installed products updated.

Removed:
  apr-1.6.3-12.el8.x86_64                                                       
  apr-util-1.6.1-6.el8.x86_64                                                   
  apr-util-bdb-1.6.1-6.el8.x86_64                                               
  apr-util-openssl-1.6.1-6.el8.x86_64                                           
  httpd-2.4.37-47.module+el8.6.0+15654+427eba2e.2.x86_64                        
  httpd-filesystem-2.4.37-47.module+el8.6.0+15654+427eba2e.2.noarch             
  httpd-tools-2.4.37-47.module+el8.6.0+15654+427eba2e.2.x86_64                  
  mailcap-2.1.48-3.el8.noarch                                                   
  mod_http2-1.15.7-5.module+el8.6.0+13996+01710940.x86_64                       
  redhat-logos-httpd-84.5-1.el8.noarch                                          

Complete!
Updating Subscription Management repositories.
Unable to read consumer identity

This system is not registered with an entitlement server. You can use subscription-manager to register.

Last metadata expiration check: 0:56:01 ago on Fri 12 Aug 2022 09:08:56 AM EDT.
Dependencies resolved.
=========================================================================================================
 Package              Arch    Version                                   Repository                   Size
=========================================================================================================
Installing:
 httpd                x86_64  2.4.37-47.module+el8.6.0+15654+427eba2e.2 rhel-8-appstream-rhui-rpms  1.4 M
Installing dependencies:
 apr                  x86_64  1.6.3-12.el8                              rhel-8-appstream-rhui-rpms  130 k
 apr-util             x86_64  1.6.1-6.el8                               rhel-8-appstream-rhui-rpms  105 k
 httpd-filesystem     noarch  2.4.37-47.module+el8.6.0+15654+427eba2e.2 rhel-8-appstream-rhui-rpms   41 k
 httpd-tools          x86_64  2.4.37-47.module+el8.6.0+15654+427eba2e.2 rhel-8-appstream-rhui-rpms  108 k
 mailcap              noarch  2.1.48-3.el8                              rhel-8-baseos-rhui-rpms      39 k
 mod_http2            x86_64  1.15.7-5.module+el8.6.0+13996+01710940    rhel-8-appstream-rhui-rpms  155 k
 redhat-logos-httpd   noarch  84.5-1.el8                                rhel-8-baseos-rhui-rpms      29 k
Installing weak dependencies:
 apr-util-bdb         x86_64  1.6.1-6.el8                               rhel-8-appstream-rhui-rpms   25 k
 apr-util-openssl     x86_64  1.6.1-6.el8                               rhel-8-appstream-rhui-rpms   27 k

Transaction Summary
=========================================================================================================
Install  10 Packages

Total download size: 2.1 M
Installed size: 5.5 M
Downloading Packages:
(1/10): apr-util-openssl-1.6.1-6.el8.x86_64.rpm 871 kB/s |  27 kB     00:00    
(2/10): apr-util-bdb-1.6.1-6.el8.x86_64.rpm     723 kB/s |  25 kB     00:00    
(3/10): apr-util-1.6.1-6.el8.x86_64.rpm         2.8 MB/s | 105 kB     00:00    
(4/10): apr-1.6.3-12.el8.x86_64.rpm             9.6 MB/s | 130 kB     00:00    
(5/10): mod_http2-1.15.7-5.module+el8.6.0+13996  10 MB/s | 155 kB     00:00    
(6/10): httpd-tools-2.4.37-47.module+el8.6.0+15 5.6 MB/s | 108 kB     00:00    
(7/10): httpd-filesystem-2.4.37-47.module+el8.6 4.1 MB/s |  41 kB     00:00    
(8/10): mailcap-2.1.48-3.el8.noarch.rpm         4.3 MB/s |  39 kB     00:00    
(9/10): redhat-logos-httpd-84.5-1.el8.noarch.rp 3.1 MB/s |  29 kB     00:00    
(10/10): httpd-2.4.37-47.module+el8.6.0+15654+4  34 MB/s | 1.4 MB     00:00    
--------------------------------------------------------------------------------
Total                                            17 MB/s | 2.1 MB     00:00     
Running transaction check
Transaction check succeeded.
Running transaction test
Transaction test succeeded.
Running transaction
  Preparing        :                                                        1/1 
  Installing       : apr-1.6.3-12.el8.x86_64                               1/10 
  Running scriptlet: apr-1.6.3-12.el8.x86_64                               1/10 
  Installing       : apr-util-bdb-1.6.1-6.el8.x86_64                       2/10 
  Installing       : apr-util-1.6.1-6.el8.x86_64                           3/10 
  Running scriptlet: apr-util-1.6.1-6.el8.x86_64                           3/10 
  Installing       : apr-util-openssl-1.6.1-6.el8.x86_64                   4/10 
  Installing       : httpd-tools-2.4.37-47.module+el8.6.0+15654+427eba2    5/10 
  Installing       : redhat-logos-httpd-84.5-1.el8.noarch                  6/10 
  Installing       : mailcap-2.1.48-3.el8.noarch                           7/10 
  Running scriptlet: httpd-filesystem-2.4.37-47.module+el8.6.0+15654+42    8/10 
  Installing       : httpd-filesystem-2.4.37-47.module+el8.6.0+15654+42    8/10 
  Installing       : mod_http2-1.15.7-5.module+el8.6.0+13996+01710940.x    9/10 
  Installing       : httpd-2.4.37-47.module+el8.6.0+15654+427eba2e.2.x8   10/10 
  Running scriptlet: httpd-2.4.37-47.module+el8.6.0+15654+427eba2e.2.x8   10/10 
  Verifying        : apr-util-openssl-1.6.1-6.el8.x86_64                   1/10 
  Verifying        : apr-util-bdb-1.6.1-6.el8.x86_64                       2/10 
  Verifying        : apr-util-1.6.1-6.el8.x86_64                           3/10 
  Verifying        : apr-1.6.3-12.el8.x86_64                               4/10 
  Verifying        : mod_http2-1.15.7-5.module+el8.6.0+13996+01710940.x    5/10 
  Verifying        : httpd-tools-2.4.37-47.module+el8.6.0+15654+427eba2    6/10 
  Verifying        : httpd-2.4.37-47.module+el8.6.0+15654+427eba2e.2.x8    7/10 
  Verifying        : httpd-filesystem-2.4.37-47.module+el8.6.0+15654+42    8/10 
  Verifying        : mailcap-2.1.48-3.el8.noarch                           9/10 
  Verifying        : redhat-logos-httpd-84.5-1.el8.noarch                 10/10 
Installed products updated.

Installed:
  apr-1.6.3-12.el8.x86_64                                                       
  apr-util-1.6.1-6.el8.x86_64                                                   
  apr-util-bdb-1.6.1-6.el8.x86_64                                               
  apr-util-openssl-1.6.1-6.el8.x86_64                                           
  httpd-2.4.37-47.module+el8.6.0+15654+427eba2e.2.x86_64                        
  httpd-filesystem-2.4.37-47.module+el8.6.0+15654+427eba2e.2.noarch             
  httpd-tools-2.4.37-47.module+el8.6.0+15654+427eba2e.2.x86_64                  
  mailcap-2.1.48-3.el8.noarch                                                   
  mod_http2-1.15.7-5.module+el8.6.0+13996+01710940.x86_64                       
  redhat-logos-httpd-84.5-1.el8.noarch                                          

Complete!
● httpd.service - The Apache HTTP Server
   Loaded: loaded (/usr/lib/systemd/system/httpd.service; enabled; vendor preset: disabled)
   Active: active (running) since Fri 2022-08-12 10:05:02 EDT; 280ms ago
     Docs: man:httpd.service(8)
 Main PID: 7648 (httpd)
   Status: "Started, listening on: port 80"
    Tasks: 213 (limit: 4700)
   Memory: 25.1M
   CGroup: /system.slice/httpd.service
           ├─7648 /usr/sbin/httpd -DFOREGROUND
           ├─7650 /usr/sbin/httpd -DFOREGROUND
           ├─7651 /usr/sbin/httpd -DFOREGROUND
           ├─7652 /usr/sbin/httpd -DFOREGROUND
           └─7653 /usr/sbin/httpd -DFOREGROUND

Aug 12 10:05:02 ip-172-31-91-152.ec2.internal systemd[1]: Starting The Apache HTTP Server...
Aug 12 10:05:02 ip-172-31-91-152.ec2.internal systemd[1]: Started The Apache HTTP Server.
Aug 12 10:05:02 ip-172-31-91-152.ec2.internal httpd[7648]: Server configured, listening on: port 80
